<?xml version="1.0" encoding="UTF-8"?>
<testng-results ignored="0" total="1" passed="1" failed="0" skipped="0">
  <reporter-output>
  </reporter-output>
  <suite started-at="2023-09-07T16:14:46 PDT" name="Default suite" finished-at="2023-09-07T16:14:58 PDT" duration-ms="12299">
    <groups>
    </groups>
    <test started-at="2023-09-07T16:14:46 PDT" name="Default test" finished-at="2023-09-07T16:14:58 PDT" duration-ms="12299">
      <class name="com.amazon.testscript.AmazonHoverOnMenu">
        <test-method is-config="true" signature="startApplication()[pri:0, instance:com.amazon.testscript.AmazonHoverOnMenu@3c77d488]" started-at="2023-09-07T16:14:46 PDT" name="startApplication" finished-at="2023-09-07T16:14:52 PDT" duration-ms="6604" status="PASS">
          <reporter-output>
          </reporter-output>
        </test-method> <!-- startApplication -->
        <test-method signature="Hover()[pri:0, instance:com.amazon.testscript.AmazonHoverOnMenu@3c77d488]" started-at="2023-09-07T16:14:52 PDT" name="Hover" finished-at="2023-09-07T16:14:58 PDT" duration-ms="5656" status="PASS">
          <reporter-output>
          </reporter-output>
        </test-method> <!-- Hover -->
      </class> <!-- com.amazon.testscript.AmazonHoverOnMenu -->
    </test> <!-- Default test -->
  </suite> <!-- Default suite -->
</testng-results>
